mode: set
github.com/trippier/poi-api/internal/geo/geo.go:12.73,13.25 1 1
github.com/trippier/poi-api/internal/geo/geo.go:13.25,14.47 1 1
github.com/trippier/poi-api/internal/geo/geo.go:14.47,16.4 1 1
github.com/trippier/poi-api/internal/geo/geo.go:18.2,18.13 1 1
github.com/trippier/poi-api/internal/geo/geo.go:23.89,25.25 2 1
github.com/trippier/poi-api/internal/geo/geo.go:25.25,26.46 1 1
github.com/trippier/poi-api/internal/geo/geo.go:26.46,28.12 2 1
github.com/trippier/poi-api/internal/geo/geo.go:30.3,30.33 1 1
github.com/trippier/poi-api/internal/geo/geo.go:30.33,32.4 1 1
github.com/trippier/poi-api/internal/geo/geo.go:34.2,34.15 1 1
github.com/trippier/poi-api/internal/geo/geo.go:39.80,41.25 2 1
github.com/trippier/poi-api/internal/geo/geo.go:41.25,42.110 1 1
github.com/trippier/poi-api/internal/geo/geo.go:42.110,44.4 1 1
github.com/trippier/poi-api/internal/geo/geo.go:46.2,46.15 1 1
github.com/trippier/poi-api/internal/dedup/dedup.go:25.53,28.27 3 1
github.com/trippier/poi-api/internal/dedup/dedup.go:28.27,30.3 1 1
github.com/trippier/poi-api/internal/dedup/dedup.go:31.2,31.15 1 1
github.com/trippier/poi-api/internal/dedup/dedup.go:34.50,38.22 3 1
github.com/trippier/poi-api/internal/dedup/dedup.go:38.22,39.14 1 1
github.com/trippier/poi-api/internal/dedup/dedup.go:39.14,40.12 1 1
github.com/trippier/poi-api/internal/dedup/dedup.go:42.3,43.38 2 1
github.com/trippier/poi-api/internal/dedup/dedup.go:43.38,44.51 1 1
github.com/trippier/poi-api/internal/dedup/dedup.go:44.51,47.5 2 1
github.com/trippier/poi-api/internal/dedup/dedup.go:49.3,50.29 2 1
github.com/trippier/poi-api/internal/dedup/dedup.go:52.2,52.15 1 1
github.com/trippier/poi-api/internal/dedup/dedup.go:55.44,56.56 1 1
github.com/trippier/poi-api/internal/dedup/dedup.go:56.56,58.3 1 1
github.com/trippier/poi-api/internal/dedup/dedup.go:59.2,59.90 1 1
github.com/trippier/poi-api/internal/dedup/dedup.go:59.90,66.3 3 1
github.com/trippier/poi-api/internal/dedup/dedup.go:67.2,67.14 1 0
github.com/trippier/poi-api/internal/dedup/dedup.go:70.57,75.26 4 1
github.com/trippier/poi-api/internal/dedup/dedup.go:75.26,78.3 2 1
github.com/trippier/poi-api/internal/dedup/dedup.go:80.2,87.67 1 1
github.com/trippier/poi-api/internal/dedup/dedup.go:87.67,87.91 1 1
github.com/trippier/poi-api/internal/dedup/dedup.go:88.67,88.89 1 1
github.com/trippier/poi-api/internal/dedup/dedup.go:95.52,97.30 2 1
github.com/trippier/poi-api/internal/dedup/dedup.go:97.30,98.69 1 1
github.com/trippier/poi-api/internal/dedup/dedup.go:98.69,100.4 1 1
github.com/trippier/poi-api/internal/dedup/dedup.go:102.2,102.13 1 1
github.com/trippier/poi-api/internal/dedup/dedup.go:105.58,108.26 3 1
github.com/trippier/poi-api/internal/dedup/dedup.go:108.26,109.65 1 1
github.com/trippier/poi-api/internal/dedup/dedup.go:109.65,112.4 2 1
github.com/trippier/poi-api/internal/dedup/dedup.go:114.2,114.13 1 1
github.com/trippier/poi-api/internal/dedup/dedup.go:117.55,119.26 2 1
github.com/trippier/poi-api/internal/dedup/dedup.go:119.26,120.22 1 1
github.com/trippier/poi-api/internal/dedup/dedup.go:120.22,122.4 1 1
github.com/trippier/poi-api/internal/dedup/dedup.go:123.3,123.20 1 1
github.com/trippier/poi-api/internal/dedup/dedup.go:123.20,125.4 1 1
github.com/trippier/poi-api/internal/dedup/dedup.go:126.3,126.20 1 1
github.com/trippier/poi-api/internal/dedup/dedup.go:126.20,128.4 1 1
github.com/trippier/poi-api/internal/dedup/dedup.go:129.3,129.20 1 1
github.com/trippier/poi-api/internal/dedup/dedup.go:129.20,131.4 1 1
github.com/trippier/poi-api/internal/dedup/dedup.go:133.2,133.10 1 1
github.com/trippier/poi-api/internal/dedup/dedup.go:136.79,137.26 1 1
github.com/trippier/poi-api/internal/dedup/dedup.go:137.26,138.26 1 1
github.com/trippier/poi-api/internal/dedup/dedup.go:138.26,140.4 1 0
github.com/trippier/poi-api/internal/dedup/dedup.go:142.2,142.11 1 1
github.com/trippier/poi-api/internal/mathutil/distance.go:8.56,17.2 7 1
github.com/trippier/poi-api/internal/mathutil/distance.go:21.91,26.2 4 1
github.com/trippier/poi-api/internal/mathutil/polygon.go:5.66,9.25 4 1
github.com/trippier/poi-api/internal/mathutil/polygon.go:9.25,12.72 3 1
github.com/trippier/poi-api/internal/mathutil/polygon.go:12.72,14.4 1 1
github.com/trippier/poi-api/internal/mathutil/polygon.go:15.3,15.8 1 1
github.com/trippier/poi-api/internal/mathutil/polygon.go:17.2,17.15 1 1
github.com/trippier/poi-api/internal/mathutil/similarity.go:5.41,9.29 4 1
github.com/trippier/poi-api/internal/mathutil/similarity.go:9.29,10.21 1 1
github.com/trippier/poi-api/internal/mathutil/similarity.go:10.21,12.4 1 1
github.com/trippier/poi-api/internal/mathutil/similarity.go:12.9,13.9 1 1
github.com/trippier/poi-api/internal/mathutil/similarity.go:16.2,16.47 1 1
github.com/trippier/poi-api/internal/mathutil/similarity.go:19.44,20.34 1 1
github.com/trippier/poi-api/internal/mathutil/similarity.go:20.34,22.3 1 1
github.com/trippier/poi-api/internal/mathutil/similarity.go:23.2,23.34 1 1
github.com/trippier/poi-api/internal/mathutil/similarity.go:23.34,25.3 1 1
github.com/trippier/poi-api/internal/mathutil/similarity.go:26.2,27.19 2 1
github.com/trippier/poi-api/internal/mathutil/similarity.go:27.19,29.3 1 0
github.com/trippier/poi-api/internal/mathutil/similarity.go:30.2,35.20 5 1
github.com/trippier/poi-api/internal/mathutil/similarity.go:35.20,38.32 3 1
github.com/trippier/poi-api/internal/mathutil/similarity.go:38.32,39.38 1 1
github.com/trippier/poi-api/internal/mathutil/similarity.go:39.38,40.13 1 1
github.com/trippier/poi-api/internal/mathutil/similarity.go:42.4,45.9 4 1
github.com/trippier/poi-api/internal/mathutil/similarity.go:48.2,48.18 1 1
github.com/trippier/poi-api/internal/mathutil/similarity.go:48.18,50.3 1 0
github.com/trippier/poi-api/internal/mathutil/similarity.go:51.2,52.20 2 1
github.com/trippier/poi-api/internal/mathutil/similarity.go:52.20,53.20 1 1
github.com/trippier/poi-api/internal/mathutil/similarity.go:53.20,54.12 1 1
github.com/trippier/poi-api/internal/mathutil/similarity.go:56.3,56.36 1 1
github.com/trippier/poi-api/internal/mathutil/similarity.go:56.36,58.4 1 1
github.com/trippier/poi-api/internal/mathutil/similarity.go:59.3,59.36 1 1
github.com/trippier/poi-api/internal/mathutil/similarity.go:59.36,61.4 1 1
github.com/trippier/poi-api/internal/mathutil/similarity.go:62.3,62.6 1 1
github.com/trippier/poi-api/internal/mathutil/similarity.go:64.2,65.88 2 1
github.com/trippier/poi-api/internal/mathutil/similarity.go:68.27,69.11 1 1
github.com/trippier/poi-api/internal/mathutil/similarity.go:69.11,71.3 1 1
github.com/trippier/poi-api/internal/mathutil/similarity.go:72.2,72.10 1 1
github.com/trippier/poi-api/internal/mathutil/similarity.go:75.27,76.11 1 1
github.com/trippier/poi-api/internal/mathutil/similarity.go:76.11,78.3 1 1
github.com/trippier/poi-api/internal/mathutil/similarity.go:79.2,79.10 1 1
github.com/trippier/poi-api/internal/scoring/scoring.go:12.64,18.2 2 1
github.com/trippier/poi-api/internal/scoring/scoring.go:20.76,21.23 1 1
github.com/trippier/poi-api/internal/scoring/scoring.go:21.23,23.3 1 1
github.com/trippier/poi-api/internal/scoring/scoring.go:24.2,25.9 2 1
github.com/trippier/poi-api/internal/scoring/scoring.go:25.9,27.3 1 0
github.com/trippier/poi-api/internal/scoring/scoring.go:28.2,29.14 2 1
github.com/trippier/poi-api/internal/scoring/scoring.go:29.14,31.3 1 0
github.com/trippier/poi-api/internal/scoring/scoring.go:32.2,32.16 1 1
github.com/trippier/poi-api/internal/scoring/scoring.go:35.37,37.2 1 1
github.com/trippier/poi-api/internal/scoring/scoring.go:39.50,40.35 1 1
github.com/trippier/poi-api/internal/scoring/scoring.go:40.35,42.3 1 0
github.com/trippier/poi-api/internal/scoring/scoring.go:43.2,43.28 1 1
github.com/trippier/poi-api/internal/scoring/scoring.go:46.48,47.23 1 1
github.com/trippier/poi-api/internal/scoring/scoring.go:47.23,49.3 1 0
github.com/trippier/poi-api/internal/scoring/scoring.go:50.2,50.28 1 1
github.com/trippier/poi-api/internal/scoring/scoring.go:50.28,52.3 1 1
github.com/trippier/poi-api/internal/scoring/scoring.go:53.2,53.12 1 1
github.com/trippier/poi-api/internal/scoring/scoring.go:56.59,58.28 2 1
github.com/trippier/poi-api/internal/scoring/scoring.go:58.28,59.12 1 1
github.com/trippier/poi-api/internal/scoring/scoring.go:59.12,61.4 1 1
github.com/trippier/poi-api/internal/scoring/scoring.go:63.2,63.10 1 1
github.com/trippier/poi-api/internal/providers/wikipedia/wikipedia.go:29.33,34.2 1 0
github.com/trippier/poi-api/internal/providers/wikipedia/wikipedia.go:38.47,43.2 1 1
github.com/trippier/poi-api/internal/providers/wikipedia/wikipedia.go:46.42,46.76 1 0
github.com/trippier/poi-api/internal/providers/wikipedia/wikipedia.go:49.61,51.2 1 1
github.com/trippier/poi-api/internal/providers/wikipedia/wikipedia.go:54.93,56.16 2 1
github.com/trippier/poi-api/internal/providers/wikipedia/wikipedia.go:56.16,58.3 1 0
github.com/trippier/poi-api/internal/providers/wikipedia/wikipedia.go:59.2,59.21 1 1
github.com/trippier/poi-api/internal/providers/wikipedia/wikipedia.go:59.21,61.3 1 1
github.com/trippier/poi-api/internal/providers/wikipedia/wikipedia.go:62.2,62.39 1 1
github.com/trippier/poi-api/internal/providers/wikipedia/wikipedia.go:73.97,85.16 3 1
github.com/trippier/poi-api/internal/providers/wikipedia/wikipedia.go:85.16,87.3 1 0
github.com/trippier/poi-api/internal/providers/wikipedia/wikipedia.go:89.2,90.16 2 1
github.com/trippier/poi-api/internal/providers/wikipedia/wikipedia.go:90.16,92.3 1 0
github.com/trippier/poi-api/internal/providers/wikipedia/wikipedia.go:93.2,100.67 3 1
github.com/trippier/poi-api/internal/providers/wikipedia/wikipedia.go:100.67,102.3 1 0
github.com/trippier/poi-api/internal/providers/wikipedia/wikipedia.go:103.2,103.36 1 1
github.com/trippier/poi-api/internal/providers/wikipedia/wikipedia.go:106.91,109.27 3 1
github.com/trippier/poi-api/internal/providers/wikipedia/wikipedia.go:109.27,112.3 2 1
github.com/trippier/poi-api/internal/providers/wikipedia/wikipedia.go:114.2,126.16 3 1
github.com/trippier/poi-api/internal/providers/wikipedia/wikipedia.go:126.16,128.3 1 0
github.com/trippier/poi-api/internal/providers/wikipedia/wikipedia.go:130.2,131.16 2 1
github.com/trippier/poi-api/internal/providers/wikipedia/wikipedia.go:131.16,133.3 1 0
github.com/trippier/poi-api/internal/providers/wikipedia/wikipedia.go:134.2,149.67 3 1
github.com/trippier/poi-api/internal/providers/wikipedia/wikipedia.go:149.67,151.3 1 0
github.com/trippier/poi-api/internal/providers/wikipedia/wikipedia.go:153.2,154.40 2 1
github.com/trippier/poi-api/internal/providers/wikipedia/wikipedia.go:154.40,156.10 2 1
github.com/trippier/poi-api/internal/providers/wikipedia/wikipedia.go:156.10,157.12 1 0
github.com/trippier/poi-api/internal/providers/wikipedia/wikipedia.go:159.3,169.26 2 1
github.com/trippier/poi-api/internal/providers/wikipedia/wikipedia.go:169.26,171.4 1 1
github.com/trippier/poi-api/internal/providers/wikipedia/wikipedia.go:172.3,172.27 1 1
github.com/trippier/poi-api/internal/providers/wikipedia/wikipedia.go:174.2,174.13 1 1
github.com/trippier/poi-api/internal/providers/wikipedia/wikipedia.go:177.81,179.27 2 0
github.com/trippier/poi-api/internal/providers/wikipedia/wikipedia.go:179.27,188.3 1 0
github.com/trippier/poi-api/internal/providers/wikipedia/wikipedia.go:189.2,189.13 1 0
github.com/trippier/poi-api/internal/providers/overpass/overpass.go:83.22,88.2 1 1
github.com/trippier/poi-api/internal/providers/overpass/overpass.go:92.39,97.2 1 1
github.com/trippier/poi-api/internal/providers/overpass/overpass.go:100.42,100.75 1 0
github.com/trippier/poi-api/internal/providers/overpass/overpass.go:103.58,103.73 1 1
github.com/trippier/poi-api/internal/providers/overpass/overpass.go:106.93,110.16 3 1
github.com/trippier/poi-api/internal/providers/overpass/overpass.go:110.16,112.3 1 0
github.com/trippier/poi-api/internal/providers/overpass/overpass.go:113.2,116.16 3 1
github.com/trippier/poi-api/internal/providers/overpass/overpass.go:116.16,118.3 1 0
github.com/trippier/poi-api/internal/providers/overpass/overpass.go:119.2,121.38 2 1
github.com/trippier/poi-api/internal/providers/overpass/overpass.go:121.38,123.3 1 1
github.com/trippier/poi-api/internal/providers/overpass/overpass.go:125.2,126.67 2 1
github.com/trippier/poi-api/internal/providers/overpass/overpass.go:126.67,128.3 1 1
github.com/trippier/poi-api/internal/providers/overpass/overpass.go:130.2,130.42 1 1
github.com/trippier/poi-api/internal/providers/overpass/overpass.go:133.59,137.2 3 1
github.com/trippier/poi-api/internal/providers/overpass/overpass.go:139.68,140.24 1 1
github.com/trippier/poi-api/internal/providers/overpass/overpass.go:140.24,142.3 1 1
github.com/trippier/poi-api/internal/providers/overpass/overpass.go:143.2,145.29 3 0
github.com/trippier/poi-api/internal/providers/overpass/overpass.go:145.29,146.41 1 0
github.com/trippier/poi-api/internal/providers/overpass/overpass.go:146.41,147.16 1 0
github.com/trippier/poi-api/internal/providers/overpass/overpass.go:147.16,150.5 2 0
github.com/trippier/poi-api/internal/providers/overpass/overpass.go:153.2,153.16 1 0
github.com/trippier/poi-api/internal/providers/overpass/overpass.go:156.84,158.28 2 1
github.com/trippier/poi-api/internal/providers/overpass/overpass.go:158.28,159.17 1 1
github.com/trippier/poi-api/internal/providers/overpass/overpass.go:160.25,164.5 1 1
github.com/trippier/poi-api/internal/providers/overpass/overpass.go:165.26,169.5 1 0
github.com/trippier/poi-api/internal/providers/overpass/overpass.go:170.27,174.5 1 0
github.com/trippier/poi-api/internal/providers/overpass/overpass.go:177.2,177.14 1 1
github.com/trippier/poi-api/internal/providers/overpass/overpass.go:180.73,182.30 2 1
github.com/trippier/poi-api/internal/providers/overpass/overpass.go:182.30,184.17 2 1
github.com/trippier/poi-api/internal/providers/overpass/overpass.go:184.17,185.12 1 1
github.com/trippier/poi-api/internal/providers/overpass/overpass.go:187.3,188.23 2 1
github.com/trippier/poi-api/internal/providers/overpass/overpass.go:188.23,190.4 1 1
github.com/trippier/poi-api/internal/providers/overpass/overpass.go:191.3,207.5 1 1
github.com/trippier/poi-api/internal/providers/overpass/overpass.go:209.2,209.13 1 1
github.com/trippier/poi-api/internal/providers/overpass/overpass.go:212.70,213.72 1 1
github.com/trippier/poi-api/internal/providers/overpass/overpass.go:213.72,214.29 1 1
github.com/trippier/poi-api/internal/providers/overpass/overpass.go:214.29,215.33 1 1
github.com/trippier/poi-api/internal/providers/overpass/overpass.go:215.33,217.5 1 1
github.com/trippier/poi-api/internal/providers/overpass/overpass.go:218.4,218.21 1 0
github.com/trippier/poi-api/internal/providers/overpass/overpass.go:218.21,220.5 1 0
github.com/trippier/poi-api/internal/providers/overpass/overpass.go:223.2,223.26 1 0
github.com/trippier/poi-api/internal/search/handler.go:17.40,19.2 1 0
github.com/trippier/poi-api/internal/search/handler.go:22.55,26.2 3 0
github.com/trippier/poi-api/internal/search/handler.go:49.42,51.46 2 0
github.com/trippier/poi-api/internal/search/handler.go:51.46,54.3 2 0
github.com/trippier/poi-api/internal/search/handler.go:56.2,57.16 2 0
github.com/trippier/poi-api/internal/search/handler.go:57.16,60.3 2 0
github.com/trippier/poi-api/internal/search/handler.go:61.2,63.36 2 0
github.com/trippier/poi-api/internal/search/handler.go:63.36,66.3 2 0
github.com/trippier/poi-api/internal/search/handler.go:68.2,69.16 2 0
github.com/trippier/poi-api/internal/search/handler.go:69.16,72.3 2 0
github.com/trippier/poi-api/internal/search/handler.go:74.2,74.31 1 0
github.com/trippier/poi-api/internal/search/handler.go:83.45,86.2 2 0
github.com/trippier/poi-api/internal/search/handler.go:96.43,98.2 1 0
github.com/trippier/poi-api/internal/search/service.go:27.82,29.23 2 1
github.com/trippier/poi-api/internal/search/service.go:29.23,31.3 1 1
github.com/trippier/poi-api/internal/search/service.go:32.2,32.65 1 1
github.com/trippier/poi-api/internal/search/service.go:37.97,44.32 5 1
github.com/trippier/poi-api/internal/search/service.go:44.32,46.3 1 1
github.com/trippier/poi-api/internal/search/service.go:48.2,50.24 2 1
github.com/trippier/poi-api/internal/search/service.go:50.24,52.3 1 1
github.com/trippier/poi-api/internal/search/service.go:54.2,54.41 1 1
github.com/trippier/poi-api/internal/search/service.go:54.41,56.3 1 1
github.com/trippier/poi-api/internal/search/service.go:58.2,62.19 4 1
github.com/trippier/poi-api/internal/search/service.go:62.19,64.3 1 0
github.com/trippier/poi-api/internal/search/service.go:65.2,66.17 2 1
github.com/trippier/poi-api/internal/search/service.go:66.17,68.3 1 1
github.com/trippier/poi-api/internal/search/service.go:70.2,74.8 1 1
github.com/trippier/poi-api/internal/search/service.go:78.79,91.35 5 0
github.com/trippier/poi-api/internal/search/service.go:91.35,93.54 2 0
github.com/trippier/poi-api/internal/search/service.go:93.54,104.18 7 0
github.com/trippier/poi-api/internal/search/service.go:104.18,106.5 1 0
github.com/trippier/poi-api/internal/search/service.go:107.4,109.15 3 0
github.com/trippier/poi-api/internal/search/service.go:113.2,114.17 2 0
github.com/trippier/poi-api/internal/search/service.go:117.55,118.19 1 1
github.com/trippier/poi-api/internal/search/service.go:118.19,120.3 1 1
github.com/trippier/poi-api/internal/search/service.go:121.2,121.35 1 1
github.com/trippier/poi-api/internal/search/service.go:121.35,123.3 1 0
github.com/trippier/poi-api/internal/search/service.go:124.2,124.18 1 1
github.com/trippier/poi-api/internal/search/service.go:124.18,126.3 1 0
github.com/trippier/poi-api/internal/search/service.go:127.2,127.27 1 1
github.com/trippier/poi-api/internal/search/service.go:127.27,129.3 1 0
github.com/trippier/poi-api/internal/search/service.go:132.77,134.35 2 1
github.com/trippier/poi-api/internal/search/service.go:134.35,136.35 2 1
github.com/trippier/poi-api/internal/search/service.go:136.35,138.4 1 1
github.com/trippier/poi-api/internal/search/service.go:140.2,140.17 1 1
github.com/trippier/poi-api/internal/search/service.go:143.110,151.23 4 1
github.com/trippier/poi-api/internal/search/service.go:151.23,153.40 2 1
github.com/trippier/poi-api/internal/search/service.go:153.40,158.18 5 1
github.com/trippier/poi-api/internal/search/service.go:158.18,160.5 1 1
github.com/trippier/poi-api/internal/search/service.go:164.2,167.28 3 1
github.com/trippier/poi-api/internal/search/service.go:167.28,169.3 1 1
github.com/trippier/poi-api/internal/search/service.go:170.2,170.12 1 1
github.com/trippier/poi-api/internal/search/service.go:173.99,175.25 2 1
github.com/trippier/poi-api/internal/search/service.go:175.25,176.28 1 1
github.com/trippier/poi-api/internal/search/service.go:176.28,178.4 1 1
github.com/trippier/poi-api/internal/search/service.go:180.2,180.15 1 1
github.com/trippier/poi-api/internal/search/service.go:184.66,185.15 1 1
github.com/trippier/poi-api/internal/search/service.go:185.15,187.3 1 1
github.com/trippier/poi-api/internal/search/service.go:188.2,189.62 2 1
github.com/trippier/poi-api/internal/search/service.go:189.62,191.3 1 1
github.com/trippier/poi-api/internal/search/service.go:192.2,192.21 1 1
github.com/trippier/poi-api/internal/search/validation.go:12.42,13.16 1 1
github.com/trippier/poi-api/internal/search/validation.go:14.24,15.27 1 1
github.com/trippier/poi-api/internal/search/validation.go:16.25,17.28 1 1
github.com/trippier/poi-api/internal/search/validation.go:18.26,19.29 1 1
github.com/trippier/poi-api/internal/search/validation.go:20.10,21.47 1 0
github.com/trippier/poi-api/internal/search/validation.go:25.48,26.30 1 1
github.com/trippier/poi-api/internal/search/validation.go:26.30,28.3 1 1
github.com/trippier/poi-api/internal/search/validation.go:29.2,29.31 1 1
github.com/trippier/poi-api/internal/search/validation.go:29.31,31.3 1 1
github.com/trippier/poi-api/internal/search/validation.go:32.2,32.33 1 1
github.com/trippier/poi-api/internal/search/validation.go:32.33,34.3 1 0
github.com/trippier/poi-api/internal/search/validation.go:35.2,35.18 1 1
github.com/trippier/poi-api/internal/search/validation.go:35.18,37.3 1 0
github.com/trippier/poi-api/internal/search/validation.go:38.2,38.23 1 1
github.com/trippier/poi-api/internal/search/validation.go:38.23,40.3 1 1
github.com/trippier/poi-api/internal/search/validation.go:41.2,41.12 1 1
github.com/trippier/poi-api/internal/search/validation.go:44.49,45.21 1 1
github.com/trippier/poi-api/internal/search/validation.go:45.21,47.3 1 1
github.com/trippier/poi-api/internal/search/validation.go:48.2,48.12 1 1
github.com/trippier/poi-api/internal/search/validation.go:51.50,52.22 1 1
github.com/trippier/poi-api/internal/search/validation.go:52.22,54.3 1 1
github.com/trippier/poi-api/internal/search/validation.go:55.2,55.12 1 1
github.com/trippier/poi-api/internal/providers/geonames/geonames.go:61.37,66.2 1 0
github.com/trippier/poi-api/internal/providers/geonames/geonames.go:69.42,69.75 1 0
github.com/trippier/poi-api/internal/providers/geonames/geonames.go:72.61,74.2 1 0
github.com/trippier/poi-api/internal/providers/geonames/geonames.go:77.93,81.16 3 0
github.com/trippier/poi-api/internal/providers/geonames/geonames.go:82.24,90.4 2 0
github.com/trippier/poi-api/internal/providers/geonames/geonames.go:91.26,97.4 2 0
github.com/trippier/poi-api/internal/providers/geonames/geonames.go:98.10,99.18 1 0
github.com/trippier/poi-api/internal/providers/geonames/geonames.go:102.2,103.16 2 0
github.com/trippier/poi-api/internal/providers/geonames/geonames.go:103.16,105.3 1 0
github.com/trippier/poi-api/internal/providers/geonames/geonames.go:107.2,108.16 2 0
github.com/trippier/poi-api/internal/providers/geonames/geonames.go:108.16,110.3 1 0
github.com/trippier/poi-api/internal/providers/geonames/geonames.go:111.2,113.38 2 0
github.com/trippier/poi-api/internal/providers/geonames/geonames.go:113.38,115.3 1 0
github.com/trippier/poi-api/internal/providers/geonames/geonames.go:117.2,118.67 2 0
github.com/trippier/poi-api/internal/providers/geonames/geonames.go:118.67,120.3 1 0
github.com/trippier/poi-api/internal/providers/geonames/geonames.go:122.2,122.42 1 0
github.com/trippier/poi-api/internal/providers/geonames/geonames.go:125.66,127.29 2 0
github.com/trippier/poi-api/internal/providers/geonames/geonames.go:127.29,130.33 3 0
github.com/trippier/poi-api/internal/providers/geonames/geonames.go:130.33,131.12 1 0
github.com/trippier/poi-api/internal/providers/geonames/geonames.go:133.3,139.5 1 0
github.com/trippier/poi-api/internal/providers/geonames/geonames.go:141.2,141.13 1 0
github.com/trippier/poi-api/internal/providers/geonames/geonames.go:144.60,145.38 1 0
github.com/trippier/poi-api/internal/providers/geonames/geonames.go:145.38,147.3 1 0
github.com/trippier/poi-api/internal/providers/geonames/geonames.go:148.2,148.26 1 0
github.com/trippier/poi-api/cmd/server/main.go:29.13,31.16 2 0
github.com/trippier/poi-api/cmd/server/main.go:31.16,34.3 2 0
github.com/trippier/poi-api/cmd/server/main.go:36.2,54.40 10 0
github.com/trippier/poi-api/cmd/server/main.go:54.40,56.3 1 0
github.com/trippier/poi-api/cmd/server/main.go:58.2,72.12 6 0
github.com/trippier/poi-api/cmd/server/main.go:72.12,74.87 2 0
github.com/trippier/poi-api/cmd/server/main.go:74.87,76.4 1 0
github.com/trippier/poi-api/cmd/server/main.go:80.2,87.42 7 0
github.com/trippier/poi-api/cmd/server/main.go:87.42,89.3 1 0
github.com/trippier/poi-api/cmd/server/main.go:90.2,90.28 1 0
github.com/trippier/poi-api/cmd/server/main.go:93.62,99.32 2 0
github.com/trippier/poi-api/cmd/server/main.go:99.32,101.3 1 0
github.com/trippier/poi-api/cmd/server/main.go:102.2,102.11 1 0
github.com/trippier/poi-api/cmd/server/main.go:105.44,107.22 2 0
github.com/trippier/poi-api/cmd/server/main.go:107.22,109.3 1 0
github.com/trippier/poi-api/cmd/server/main.go:109.8,111.3 1 0
github.com/trippier/poi-api/cmd/server/main.go:112.2,113.16 2 0
github.com/trippier/poi-api/cmd/server/main.go:113.16,114.46 1 0
github.com/trippier/poi-api/cmd/server/main.go:116.2,116.12 1 0
github.com/trippier/poi-api/cmd/server/main.go:119.48,121.16 2 0
github.com/trippier/poi-api/cmd/server/main.go:121.16,124.3 1 0
github.com/trippier/poi-api/cmd/server/main.go:125.2,125.29 1 0
github.com/trippier/poi-api/internal/config/config.go:25.30,50.32 13 0
github.com/trippier/poi-api/internal/config/config.go:50.32,52.3 1 0
github.com/trippier/poi-api/internal/config/config.go:54.2,54.17 1 0
github.com/trippier/poi-api/internal/providers/wikivoyage/wikivoyage.go:37.33,42.2 1 0
github.com/trippier/poi-api/internal/providers/wikivoyage/wikivoyage.go:45.42,45.77 1 0
github.com/trippier/poi-api/internal/providers/wikivoyage/wikivoyage.go:49.61,51.2 1 0
github.com/trippier/poi-api/internal/providers/wikivoyage/wikivoyage.go:54.93,58.16 3 0
github.com/trippier/poi-api/internal/providers/wikivoyage/wikivoyage.go:59.26,60.25 1 0
github.com/trippier/poi-api/internal/providers/wikivoyage/wikivoyage.go:61.24,63.17 2 0
github.com/trippier/poi-api/internal/providers/wikivoyage/wikivoyage.go:63.17,65.4 1 0
github.com/trippier/poi-api/internal/providers/wikivoyage/wikivoyage.go:66.10,67.18 1 0
github.com/trippier/poi-api/internal/providers/wikivoyage/wikivoyage.go:70.2,71.16 2 0
github.com/trippier/poi-api/internal/providers/wikivoyage/wikivoyage.go:71.16,73.3 1 0
github.com/trippier/poi-api/internal/providers/wikivoyage/wikivoyage.go:75.2,75.50 1 0
github.com/trippier/poi-api/internal/providers/wikivoyage/wikivoyage.go:78.99,90.16 3 0
github.com/trippier/poi-api/internal/providers/wikivoyage/wikivoyage.go:90.16,92.3 1 0
github.com/trippier/poi-api/internal/providers/wikivoyage/wikivoyage.go:94.2,95.16 2 0
github.com/trippier/poi-api/internal/providers/wikivoyage/wikivoyage.go:95.16,97.3 1 0
github.com/trippier/poi-api/internal/providers/wikivoyage/wikivoyage.go:98.2,107.67 3 0
github.com/trippier/poi-api/internal/providers/wikivoyage/wikivoyage.go:107.67,109.3 1 0
github.com/trippier/poi-api/internal/providers/wikivoyage/wikivoyage.go:110.2,110.38 1 0
github.com/trippier/poi-api/internal/providers/wikivoyage/wikivoyage.go:110.38,112.3 1 0
github.com/trippier/poi-api/internal/providers/wikivoyage/wikivoyage.go:113.2,113.45 1 0
github.com/trippier/poi-api/internal/providers/wikivoyage/wikivoyage.go:116.85,125.16 3 0
github.com/trippier/poi-api/internal/providers/wikivoyage/wikivoyage.go:125.16,127.3 1 0
github.com/trippier/poi-api/internal/providers/wikivoyage/wikivoyage.go:129.2,130.16 2 0
github.com/trippier/poi-api/internal/providers/wikivoyage/wikivoyage.go:130.16,132.3 1 0
github.com/trippier/poi-api/internal/providers/wikivoyage/wikivoyage.go:133.2,142.67 3 0
github.com/trippier/poi-api/internal/providers/wikivoyage/wikivoyage.go:142.67,144.3 1 0
github.com/trippier/poi-api/internal/providers/wikivoyage/wikivoyage.go:145.2,145.43 1 0
github.com/trippier/poi-api/internal/providers/wikivoyage/wikivoyage.go:151.72,154.70 2 0
github.com/trippier/poi-api/internal/providers/wikivoyage/wikivoyage.go:154.70,159.17 4 0
github.com/trippier/poi-api/internal/providers/wikivoyage/wikivoyage.go:159.17,160.12 1 0
github.com/trippier/poi-api/internal/providers/wikivoyage/wikivoyage.go:163.3,177.48 2 0
github.com/trippier/poi-api/internal/providers/wikivoyage/wikivoyage.go:177.48,180.4 2 0
github.com/trippier/poi-api/internal/providers/wikivoyage/wikivoyage.go:180.9,182.4 1 0
github.com/trippier/poi-api/internal/providers/wikivoyage/wikivoyage.go:184.3,184.27 1 0
github.com/trippier/poi-api/internal/providers/wikivoyage/wikivoyage.go:187.2,187.13 1 0
github.com/trippier/poi-api/internal/providers/wikivoyage/wikivoyage.go:190.62,192.59 2 0
github.com/trippier/poi-api/internal/providers/wikivoyage/wikivoyage.go:192.59,194.3 1 0
github.com/trippier/poi-api/internal/providers/wikivoyage/wikivoyage.go:195.2,195.15 1 0
github.com/trippier/poi-api/internal/providers/wikivoyage/wikivoyage.go:198.86,200.34 2 0
github.com/trippier/poi-api/internal/providers/wikivoyage/wikivoyage.go:200.34,202.3 1 0
github.com/trippier/poi-api/internal/providers/wikivoyage/wikivoyage.go:203.2,205.45 3 0
github.com/trippier/poi-api/internal/middleware/cache.go:23.52,26.2 2 0
github.com/trippier/poi-api/internal/middleware/cache.go:28.47,31.2 2 0
github.com/trippier/poi-api/internal/middleware/cache.go:38.66,39.30 1 0
github.com/trippier/poi-api/internal/middleware/cache.go:39.30,41.41 1 0
github.com/trippier/poi-api/internal/middleware/cache.go:41.41,44.4 2 0
github.com/trippier/poi-api/internal/middleware/cache.go:47.3,47.38 1 0
github.com/trippier/poi-api/internal/middleware/cache.go:47.38,50.4 2 0
github.com/trippier/poi-api/internal/middleware/cache.go:52.3,56.59 3 0
github.com/trippier/poi-api/internal/middleware/cache.go:56.59,61.4 4 0
github.com/trippier/poi-api/internal/middleware/cache.go:64.3,70.53 5 0
github.com/trippier/poi-api/internal/middleware/cache.go:70.53,72.4 1 0
github.com/trippier/poi-api/internal/middleware/cache.go:78.38,81.24 3 0
github.com/trippier/poi-api/internal/middleware/cache.go:81.24,83.3 1 0
github.com/trippier/poi-api/internal/middleware/cache.go:84.2,89.25 5 0
github.com/trippier/poi-api/internal/middleware/cache.go:89.25,90.12 1 0
github.com/trippier/poi-api/internal/middleware/cache.go:90.12,92.4 1 0
github.com/trippier/poi-api/internal/middleware/cache.go:93.3,95.47 3 0
github.com/trippier/poi-api/internal/middleware/cache.go:98.2,99.48 2 0
github.com/trippier/poi-api/internal/middleware/logger.go:12.46,13.30 1 0
github.com/trippier/poi-api/internal/middleware/logger.go:13.30,28.18 6 0
github.com/trippier/poi-api/internal/middleware/logger.go:28.18,30.4 1 0
github.com/trippier/poi-api/internal/middleware/logger.go:31.3,31.24 1 0
github.com/trippier/poi-api/internal/middleware/logger.go:31.24,33.4 1 0
github.com/trippier/poi-api/internal/middleware/logger.go:35.3,35.10 1 0
github.com/trippier/poi-api/internal/middleware/logger.go:36.33,37.35 1 0
github.com/trippier/poi-api/internal/middleware/logger.go:38.33,39.34 1 0
github.com/trippier/poi-api/internal/middleware/logger.go:40.11,41.34 1 0
github.com/trippier/poi-api/internal/middleware/ratelimit.go:18.52,29.40 3 0
github.com/trippier/poi-api/internal/middleware/ratelimit.go:29.40,32.31 3 0
github.com/trippier/poi-api/internal/middleware/ratelimit.go:32.31,34.4 1 0
github.com/trippier/poi-api/internal/middleware/ratelimit.go:35.3,37.11 3 0
github.com/trippier/poi-api/internal/middleware/ratelimit.go:40.2,42.30 2 0
github.com/trippier/poi-api/internal/middleware/ratelimit.go:42.30,52.32 7 0
github.com/trippier/poi-api/internal/middleware/ratelimit.go:52.32,53.23 1 0
github.com/trippier/poi-api/internal/middleware/ratelimit.go:53.23,55.5 1 0
github.com/trippier/poi-api/internal/middleware/ratelimit.go:57.3,59.40 2 0
github.com/trippier/poi-api/internal/middleware/ratelimit.go:59.40,65.4 3 0
github.com/trippier/poi-api/internal/middleware/ratelimit.go:67.3,70.11 3 0
github.com/trippier/poi-api/internal/middleware/reqid.go:15.34,16.30 1 0
github.com/trippier/poi-api/internal/middleware/reqid.go:16.30,18.15 2 0
github.com/trippier/poi-api/internal/middleware/reqid.go:18.15,20.4 1 0
github.com/trippier/poi-api/internal/middleware/reqid.go:21.3,23.11 3 0
github.com/trippier/poi-api/internal/middleware/reqid.go:28.46,29.42 1 0
github.com/trippier/poi-api/internal/middleware/reqid.go:29.42,30.31 1 0
github.com/trippier/poi-api/internal/middleware/reqid.go:30.31,32.4 1 0
github.com/trippier/poi-api/internal/middleware/reqid.go:34.2,34.11 1 0
github.com/trippier/poi-api/internal/middleware/reqid.go:37.28,41.2 3 0
